2022-05-23 11:41:16,110 [Worker-0: Loading available Gradle versions] INFO  o.e.b.c.i.u.g.PublishedGradleVersions - Gradle version information cache is up-to-date. Trying to read.
2022-05-23 12:28:20,657 [Worker-7: Loading available Gradle versions] INFO  o.e.b.c.i.u.g.PublishedGradleVersions - Gradle version information cache is up-to-date. Trying to read.
2022-05-23 14:27:20,078 [Worker-145: Fetching remote refs from DilamFarias@github.com:DilamFarias/teste-Java.git] INFO  o.a.s.c.u.s.e.EdDSASecurityProviderRegistrar - getOrCreateProvider(EdDSA) created instance of net.i2p.crypto.eddsa.EdDSASecurityProvider
2022-05-23 14:27:20,227 [Worker-145: Fetching remote refs from DilamFarias@github.com:DilamFarias/teste-Java.git] INFO  o.a.s.c.i.DefaultIoServiceFactoryFactory - No detected/configured IoServiceFactoryFactory using Nio2ServiceFactoryFactory
2022-05-23 14:27:52,790 [sshd-JGitSshClient[7f284855]-nio2-thread-13] WARN  o.e.j.i.t.s.CachingKeyPairProvider - Mismatched private key check values (25db52a6/3e74a492) in C:\Users\Dilam Farias\.ssh\id_rsa
java.io.StreamCorruptedException: Mismatched private key check values (25db52a6/3e74a492) in C:\Users\Dilam Farias\.ssh\id_rsa
	at org.apache.sshd.common.config.keys.loader.openssh.OpenSSHKeyPairResourceParser.readPrivateKeys(OpenSSHKeyPairResourceParser.java:264)
	at org.apache.sshd.common.config.keys.loader.openssh.OpenSSHKeyPairResourceParser.extractKeyPairs(OpenSSHKeyPairResourceParser.java:165)
	at org.apache.sshd.common.config.keys.loader.AbstractKeyPairResourceParser.extractKeyPairs(AbstractKeyPairResourceParser.java:198)
	at org.apache.sshd.common.config.keys.loader.AbstractKeyPairResourceParser.extractKeyPairs(AbstractKeyPairResourceParser.java:167)
	at org.apache.sshd.common.config.keys.loader.AbstractKeyPairResourceParser.loadKeyPairs(AbstractKeyPairResourceParser.java:117)
	at org.apache.sshd.common.config.keys.loader.KeyPairResourceParser$2.loadKeyPairs(KeyPairResourceParser.java:166)
	at org.apache.sshd.common.config.keys.loader.KeyPairResourceLoader.loadKeyPairs(KeyPairResourceLoader.java:157)
	at org.apache.sshd.common.config.keys.loader.KeyPairResourceLoader.loadKeyPairs(KeyPairResourceLoader.java:148)
	at org.apache.sshd.common.config.keys.loader.KeyPairResourceLoader.loadKeyPairs(KeyPairResourceLoader.java:139)
	at org.apache.sshd.common.config.keys.loader.KeyPairResourceLoader.loadKeyPairs(KeyPairResourceLoader.java:130)
	at org.apache.sshd.common.util.security.SecurityUtils.loadKeyPairIdentities(SecurityUtils.java:522)
	at org.eclipse.jgit.internal.transport.sshd.CachingKeyPairProvider.loadKey(CachingKeyPairProvider.java:114)
	at org.eclipse.jgit.internal.transport.sshd.CachingKeyPairProvider.loadKey(CachingKeyPairProvider.java:89)
	at org.eclipse.jgit.internal.transport.sshd.CachingKeyPairProvider$CancellingKeyPairIterator.hasNext(CachingKeyPairProvider.java:169)
	at org.eclipse.jgit.internal.transport.sshd.JGitSshClient$CombinedKeyIdentityProvider$1.hasNext(JGitSshClient.java:442)
	at org.apache.sshd.common.keyprovider.MultiKeyIdentityIterator.hasNext(MultiKeyIdentityIterator.java:86)
	at org.apache.sshd.client.auth.pubkey.UserAuthPublicKeyIterator$1$1.hasNext(UserAuthPublicKeyIterator.java:119)
	at org.apache.sshd.common.util.helper.LazyIterablesConcatenator$1.hasNext(LazyIterablesConcatenator.java:68)
	at org.apache.sshd.common.util.GenericUtils.selectNextMatchingValue(GenericUtils.java:849)
	at org.apache.sshd.common.util.helper.LazyMatchingTypeIterator.hasNext(LazyMatchingTypeIterator.java:62)
	at org.apache.sshd.client.auth.pubkey.UserAuthPublicKeyIterator.hasNext(UserAuthPublicKeyIterator.java:199)
	at org.apache.sshd.client.auth.pubkey.UserAuthPublicKey.resolveAttemptedPublicKeyIdentity(UserAuthPublicKey.java:233)
	at org.eclipse.jgit.internal.transport.sshd.JGitPublicKeyAuthentication.getNextKey(JGitPublicKeyAuthentication.java:140)
	at org.eclipse.jgit.internal.transport.sshd.JGitPublicKeyAuthentication.resolveAttemptedPublicKeyIdentity(JGitPublicKeyAuthentication.java:129)
	at org.apache.sshd.client.auth.pubkey.UserAuthPublicKey.sendAuthDataRequest(UserAuthPublicKey.java:151)
	at org.apache.sshd.client.auth.AbstractUserAuth.process(AbstractUserAuth.java:71)
	at org.apache.sshd.client.session.ClientUserAuthService.tryNext(ClientUserAuthService.java:317)
	at org.apache.sshd.client.session.ClientUserAuthService.processUserAuth(ClientUserAuthService.java:288)
	at org.apache.sshd.client.session.ClientUserAuthService.process(ClientUserAuthService.java:225)
	at org.apache.sshd.common.session.helpers.AbstractSession.doHandleMessage(AbstractSession.java:526)
	at org.apache.sshd.common.session.helpers.AbstractSession.handleMessage(AbstractSession.java:452)
	at org.apache.sshd.common.session.helpers.AbstractSession.decode(AbstractSession.java:1524)
	at org.apache.sshd.common.session.helpers.AbstractSession.messageReceived(AbstractSession.java:412)
	at org.eclipse.jgit.internal.transport.sshd.JGitClientSession.messageReceived(JGitClientSession.java:197)
	at org.apache.sshd.common.session.helpers.AbstractSessionIoHandler.messageReceived(AbstractSessionIoHandler.java:64)
	at org.apache.sshd.common.io.nio2.Nio2Session.handleReadCycleCompletion(Nio2Session.java:359)
	at org.apache.sshd.common.io.nio2.Nio2Session$1.onCompleted(Nio2Session.java:336)
	at org.apache.sshd.common.io.nio2.Nio2Session$1.onCompleted(Nio2Session.java:333)
	at org.apache.sshd.common.io.nio2.Nio2CompletionHandler.lambda$completed$0(Nio2CompletionHandler.java:38)
	at java.base/java.security.AccessController.doPrivileged(Native Method)
	at org.apache.sshd.common.io.nio2.Nio2CompletionHandler.completed(Nio2CompletionHandler.java:37)
	at java.base/sun.nio.ch.Invoker.invokeUnchecked(Invoker.java:127)
	at java.base/sun.nio.ch.Invoker$2.run(Invoker.java:219)
	at java.base/sun.nio.ch.AsynchronousChannelGroupImpl$1.run(AsynchronousChannelGroupImpl.java:112)
	at java.base/java.util.concurrent.ThreadPoolExecutor.runWorker(ThreadPoolExecutor.java:1128)
	at java.base/java.util.concurrent.ThreadPoolExecutor$Worker.run(ThreadPoolExecutor.java:628)
	at java.base/java.lang.Thread.run(Thread.java:829)
2022-05-23 14:28:10,672 [sshd-JGitSshClient[4482de6a]-nio2-thread-13] WARN  o.e.j.i.t.s.CachingKeyPairProvider - Mismatched private key check values (4de8a4fc/5896f417) in C:\Users\Dilam Farias\.ssh\id_rsa
java.io.StreamCorruptedException: Mismatched private key check values (4de8a4fc/5896f417) in C:\Users\Dilam Farias\.ssh\id_rsa
	at org.apache.sshd.common.config.keys.loader.openssh.OpenSSHKeyPairResourceParser.readPrivateKeys(OpenSSHKeyPairResourceParser.java:264)
	at org.apache.sshd.common.config.keys.loader.openssh.OpenSSHKeyPairResourceParser.extractKeyPairs(OpenSSHKeyPairResourceParser.java:165)
	at org.apache.sshd.common.config.keys.loader.AbstractKeyPairResourceParser.extractKeyPairs(AbstractKeyPairResourceParser.java:198)
	at org.apache.sshd.common.config.keys.loader.AbstractKeyPairResourceParser.extractKeyPairs(AbstractKeyPairResourceParser.java:167)
	at org.apache.sshd.common.config.keys.loader.AbstractKeyPairResourceParser.loadKeyPairs(AbstractKeyPairResourceParser.java:117)
	at org.apache.sshd.common.config.keys.loader.KeyPairResourceParser$2.loadKeyPairs(KeyPairResourceParser.java:166)
	at org.apache.sshd.common.config.keys.loader.KeyPairResourceLoader.loadKeyPairs(KeyPairResourceLoader.java:157)
	at org.apache.sshd.common.config.keys.loader.KeyPairResourceLoader.loadKeyPairs(KeyPairResourceLoader.java:148)
	at org.apache.sshd.common.config.keys.loader.KeyPairResourceLoader.loadKeyPairs(KeyPairResourceLoader.java:139)
	at org.apache.sshd.common.config.keys.loader.KeyPairResourceLoader.loadKeyPairs(KeyPairResourceLoader.java:130)
	at org.apache.sshd.common.util.security.SecurityUtils.loadKeyPairIdentities(SecurityUtils.java:522)
	at org.eclipse.jgit.internal.transport.sshd.CachingKeyPairProvider.loadKey(CachingKeyPairProvider.java:114)
	at org.eclipse.jgit.internal.transport.sshd.CachingKeyPairProvider.loadKey(CachingKeyPairProvider.java:89)
	at org.eclipse.jgit.internal.transport.sshd.CachingKeyPairProvider$CancellingKeyPairIterator.hasNext(CachingKeyPairProvider.java:169)
	at org.eclipse.jgit.internal.transport.sshd.JGitSshClient$CombinedKeyIdentityProvider$1.hasNext(JGitSshClient.java:442)
	at org.apache.sshd.common.keyprovider.MultiKeyIdentityIterator.hasNext(MultiKeyIdentityIterator.java:86)
	at org.apache.sshd.client.auth.pubkey.UserAuthPublicKeyIterator$1$1.hasNext(UserAuthPublicKeyIterator.java:119)
	at org.apache.sshd.common.util.helper.LazyIterablesConcatenator$1.hasNext(LazyIterablesConcatenator.java:68)
	at org.apache.sshd.common.util.GenericUtils.selectNextMatchingValue(GenericUtils.java:849)
	at org.apache.sshd.common.util.helper.LazyMatchingTypeIterator.hasNext(LazyMatchingTypeIterator.java:62)
	at org.apache.sshd.client.auth.pubkey.UserAuthPublicKeyIterator.hasNext(UserAuthPublicKeyIterator.java:199)
	at org.apache.sshd.client.auth.pubkey.UserAuthPublicKey.resolveAttemptedPublicKeyIdentity(UserAuthPublicKey.java:233)
	at org.eclipse.jgit.internal.transport.sshd.JGitPublicKeyAuthentication.getNextKey(JGitPublicKeyAuthentication.java:140)
	at org.eclipse.jgit.internal.transport.sshd.JGitPublicKeyAuthentication.resolveAttemptedPublicKeyIdentity(JGitPublicKeyAuthentication.java:129)
	at org.apache.sshd.client.auth.pubkey.UserAuthPublicKey.sendAuthDataRequest(UserAuthPublicKey.java:151)
	at org.apache.sshd.client.auth.AbstractUserAuth.process(AbstractUserAuth.java:71)
	at org.apache.sshd.client.session.ClientUserAuthService.tryNext(ClientUserAuthService.java:317)
	at org.apache.sshd.client.session.ClientUserAuthService.processUserAuth(ClientUserAuthService.java:288)
	at org.apache.sshd.client.session.ClientUserAuthService.process(ClientUserAuthService.java:225)
	at org.apache.sshd.common.session.helpers.AbstractSession.doHandleMessage(AbstractSession.java:526)
	at org.apache.sshd.common.session.helpers.AbstractSession.handleMessage(AbstractSession.java:452)
	at org.apache.sshd.common.session.helpers.AbstractSession.decode(AbstractSession.java:1524)
	at org.apache.sshd.common.session.helpers.AbstractSession.messageReceived(AbstractSession.java:412)
	at org.eclipse.jgit.internal.transport.sshd.JGitClientSession.messageReceived(JGitClientSession.java:197)
	at org.apache.sshd.common.session.helpers.AbstractSessionIoHandler.messageReceived(AbstractSessionIoHandler.java:64)
	at org.apache.sshd.common.io.nio2.Nio2Session.handleReadCycleCompletion(Nio2Session.java:359)
	at org.apache.sshd.common.io.nio2.Nio2Session$1.onCompleted(Nio2Session.java:336)
	at org.apache.sshd.common.io.nio2.Nio2Session$1.onCompleted(Nio2Session.java:333)
	at org.apache.sshd.common.io.nio2.Nio2CompletionHandler.lambda$completed$0(Nio2CompletionHandler.java:38)
	at java.base/java.security.AccessController.doPrivileged(Native Method)
	at org.apache.sshd.common.io.nio2.Nio2CompletionHandler.completed(Nio2CompletionHandler.java:37)
	at java.base/sun.nio.ch.Invoker.invokeUnchecked(Invoker.java:127)
	at java.base/sun.nio.ch.Invoker$2.run(Invoker.java:219)
	at java.base/sun.nio.ch.AsynchronousChannelGroupImpl$1.run(AsynchronousChannelGroupImpl.java:112)
	at java.base/java.util.concurrent.ThreadPoolExecutor.runWorker(ThreadPoolExecutor.java:1128)
	at java.base/java.util.concurrent.ThreadPoolExecutor$Worker.run(ThreadPoolExecutor.java:628)
	at java.base/java.lang.Thread.run(Thread.java:829)
